{
  "RSpec": {
    "coverage": {
      "/Users/manvilgeorge/src/toy_robot_rails_reactjs/spec/lib/left_spec.rb": [
        1,
        1,
        null,
        1,
        25,
        25,
        25,
        25,
        1,
        25,
        21,
        25,
        1,
        5,
        null,
        1,
        2,
        null,
        null,
        1,
        1,
        null,
        null,
        1,
        1,
        null,
        null,
        1,
        1,
        1,
        null,
        null,
        null,
        1,
        5,
        null,
        1,
        2,
        null,
        null,
        1,
        1,
        null,
        null,
        1,
        1,
        null,
        null,
        1,
        1,
        1,
        null,
        null,
        null,
        1,
        5,
        null,
        1,
        2,
        null,
        null,
        1,
        1,
        null,
        null,
        1,
        1,
        null,
        null,
        1,
        1,
        1,
        null,
        null,
        null,
        1,
        5,
        null,
        1,
        2,
        null,
        null,
        1,
        1,
        null,
        null,
        1,
        1,
        null,
        null,
        1,
        1,
        1,
        null,
        null,
        null,
        1,
        5,
        null,
        1,
        2,
        null,
        null,
        1,
        1,
        null,
        null,
        1,
        1,
        null,
        null,
        1,
        1,
        1,
        null,
        null,
        null,
        1,
        5,
        5,
        null,
        1,
        2,
        null,
        null,
        1,
        1,
        null,
        null,
        1,
        1,
        null,
        null,
        1,
        1,
        1,
        null,
        null,
        null,
        null
      ],
      "/Users/manvilgeorge/src/toy_robot_rails_reactjs/lib/parses_command.rb": [
        1,
        1,
        1,
        1,
        1,
        121,
        null,
        null,
        null,
        null,
        null,
        1,
        121,
        121,
        121,
        74,
        null,
        0,
        null,
        47,
        null,
        null
      ],
      "/Users/manvilgeorge/src/toy_robot_rails_reactjs/lib/parse_command_error.rb": [
        1
      ],
      "/Users/manvilgeorge/src/toy_robot_rails_reactjs/spec/lib/move_spec.rb": [
        1,
        1,
        null,
        1,
        29,
        29,
        29,
        29,
        1,
        25,
        1,
        5,
        5,
        5,
        null,
        1,
        2,
        null,
        null,
        1,
        1,
        null,
        null,
        1,
        1,
        null,
        null,
        1,
        1,
        1,
        null,
        null,
        null,
        1,
        5,
        5,
        5,
        null,
        1,
        2,
        null,
        null,
        1,
        1,
        null,
        null,
        1,
        1,
        null,
        null,
        1,
        1,
        1,
        null,
        null,
        null,
        1,
        17,
        17,
        1,
        5,
        null,
        1,
        2,
        null,
        null,
        1,
        1,
        null,
        null,
        1,
        1,
        null,
        null,
        1,
        1,
        1,
        null,
        null,
        null,
        1,
        5,
        null,
        1,
        2,
        null,
        null,
        1,
        1,
        null,
        null,
        1,
        1,
        null,
        null,
        1,
        1,
        1,
        null,
        null,
        null,
        1,
        5,
        null,
        1,
        2,
        null,
        null,
        1,
        1,
        null,
        null,
        1,
        1,
        null,
        null,
        1,
        1,
        1,
        null,
        null,
        null,
        1,
        5,
        null,
        1,
        2,
        null,
        null,
        1,
        1,
        null,
        null,
        1,
        1,
        null,
        null,
        1,
        1,
        1,
        null,
        null,
        null,
        null,
        1,
        5,
        5,
        5,
        5,
        1,
        2,
        null,
        null,
        1,
        1,
        null,
        null,
        1,
        1,
        null,
        null,
        1,
        1,
        1,
        null,
        null,
        null,
        null
      ],
      "/Users/manvilgeorge/src/toy_robot_rails_reactjs/spec/lib/place_spec.rb": [
        1,
        1,
        null,
        1,
        24,
        24,
        9,
        9,
        1,
        1,
        1,
        5,
        5,
        5,
        5,
        null,
        1,
        2,
        null,
        null,
        1,
        1,
        null,
        null,
        1,
        1,
        null,
        null,
        1,
        1,
        1,
        null,
        null,
        null,
        1,
        5,
        5,
        5,
        5,
        null,
        1,
        2,
        null,
        null,
        1,
        1,
        null,
        null,
        1,
        1,
        null,
        null,
        1,
        1,
        1,
        null,
        null,
        null,
        null,
        1,
        1,
        5,
        5,
        5,
        5,
        5,
        null,
        1,
        2,
        null,
        null,
        1,
        1,
        null,
        null,
        1,
        1,
        null,
        null,
        1,
        1,
        1,
        null,
        null,
        null,
        1,
        5,
        5,
        5,
        5,
        5,
        null,
        1,
        2,
        null,
        null,
        1,
        1,
        null,
        null,
        1,
        1,
        null,
        null,
        1,
        1,
        1,
        null,
        null,
        null,
        1,
        5,
        5,
        5,
        5,
        5,
        null,
        1,
        2,
        null,
        null,
        1,
        1,
        null,
        null,
        1,
        1,
        null,
        null,
        1,
        1,
        1,
        null,
        null,
        null,
        1,
        4,
        4,
        4,
        4,
        null,
        1,
        2,
        null,
        1,
        1,
        1,
        null,
        null,
        1,
        2,
        null,
        1,
        1,
        1,
        null,
        null,
        null,
        1,
        2,
        null,
        1,
        1,
        1,
        null,
        null,
        null,
        null,
        null,
        null
      ],
      "/Users/manvilgeorge/src/toy_robot_rails_reactjs/spec/lib/right_spec.rb": [
        1,
        1,
        null,
        1,
        25,
        25,
        25,
        25,
        1,
        25,
        21,
        25,
        1,
        5,
        null,
        1,
        2,
        null,
        null,
        1,
        1,
        null,
        null,
        1,
        1,
        null,
        null,
        1,
        1,
        1,
        null,
        null,
        null,
        1,
        5,
        null,
        1,
        2,
        null,
        null,
        1,
        1,
        null,
        null,
        1,
        1,
        null,
        null,
        1,
        1,
        1,
        null,
        null,
        null,
        1,
        5,
        null,
        1,
        2,
        null,
        null,
        1,
        1,
        null,
        null,
        1,
        1,
        null,
        null,
        1,
        1,
        1,
        null,
        null,
        null,
        1,
        5,
        null,
        1,
        2,
        null,
        null,
        1,
        1,
        null,
        null,
        1,
        1,
        null,
        null,
        1,
        1,
        1,
        null,
        null,
        null,
        1,
        5,
        null,
        1,
        2,
        null,
        null,
        1,
        1,
        null,
        null,
        1,
        1,
        null,
        null,
        1,
        1,
        1,
        null,
        null,
        null,
        1,
        5,
        5,
        null,
        1,
        2,
        null,
        null,
        1,
        1,
        null,
        null,
        1,
        1,
        null,
        null,
        1,
        1,
        1,
        null,
        null,
        null,
        null
      ],
      "/Users/manvilgeorge/src/toy_robot_rails_reactjs/spec/requests/commands_spec.rb": [
        1,
        null,
        1,
        1,
        1,
        1,
        2,
        null,
        1,
        1,
        null,
        null,
        1,
        1,
        1,
        1,
        1,
        null,
        null,
        null,
        1,
        1,
        2,
        null,
        1,
        1,
        null,
        null,
        1,
        1,
        null,
        null,
        null,
        null,
        1,
        1,
        1,
        2,
        null,
        null,
        1,
        1,
        null,
        null,
        1,
        1,
        1,
        1,
        1,
        null,
        null,
        null,
        1,
        1,
        2,
        null,
        null,
        1,
        1,
        null,
        null,
        1,
        1,
        null,
        null,
        null,
        null,
        1,
        1,
        1,
        2,
        null,
        null,
        1,
        1,
        null,
        null,
        1,
        1,
        1,
        1,
        1,
        null,
        null,
        null,
        1,
        1,
        2,
        null,
        null,
        1,
        1,
        null,
        null,
        1,
        1,
        null,
        null,
        null,
        null,
        1,
        1,
        1,
        2,
        null,
        null,
        1,
        1,
        null,
        null,
        1,
        1,
        1,
        1,
        1,
        null,
        null,
        null,
        1,
        1,
        2,
        null,
        null,
        1,
        1,
        null,
        null,
        1,
        1,
        null,
        null,
        null,
        null,
        1,
        1,
        1,
        2,
        null,
        null,
        1,
        1,
        null,
        null,
        1,
        1,
        null,
        null,
        null,
        1,
        1,
        2,
        null,
        null,
        1,
        1,
        null,
        null,
        1,
        1,
        null,
        null,
        null,
        1,
        1,
        2,
        null,
        null,
        1,
        1,
        null,
        null,
        1,
        1,
        null,
        null,
        null,
        null
      ],
      "/Users/manvilgeorge/src/toy_robot_rails_reactjs/spec/rails_helper.rb": [
        null,
        1,
        1,
        1,
        null,
        1,
        1,
        null,
        2,
        null,
        null,
        null,
        null,
        null,
        null,
        null,
        null,
        null,
        null,
        null,
        null,
        null,
        null,
        null,
        null,
        null,
        1,
        null,
        1,
        null,
        null,
        null,
        null,
        1,
        null,
        null,
        null,
        null,
        null,
        null,
        null,
        null,
        null,
        null,
        null,
        null,
        null,
        null,
        1,
        null,
        null,
        1,
        null,
        null,
        null
      ],
      "/Users/manvilgeorge/src/toy_robot_rails_reactjs/config/environment.rb": [
        null,
        1,
        null,
        null,
        1
      ],
      "/Users/manvilgeorge/src/toy_robot_rails_reactjs/config/application.rb": [
        1,
        null,
        null,
        1,
        1,
        1,
        1,
        1,
        null,
        null,
        null,
        1,
        null,
        1,
        1,
        null,
        1,
        null,
        null,
        null,
        null,
        null,
        null
      ],
      "/Users/manvilgeorge/src/toy_robot_rails_reactjs/config/boot.rb": [
        1,
        null,
        1
      ],
      "/Users/manvilgeorge/src/toy_robot_rails_reactjs/config/initializers/config.rb": [
        1,
        null,
        0,
        null,
        null,
        null,
        null,
        null,
        null,
        null,
        null,
        null,
        null,
        null,
        null,
        null,
        null,
        null,
        null,
        null,
        null,
        null,
        null,
        null,
        null,
        null,
        null,
        null,
        null,
        null,
        null,
        null,
        null,
        null,
        null,
        null,
        null,
        null,
        null,
        null,
        null,
        null,
        null,
        null,
        null,
        null,
        null,
        null,
        null,
        null
      ],
      "/Users/manvilgeorge/src/toy_robot_rails_reactjs/config/environments/test.rb": [
        1,
        null,
        null,
        null,
        null,
        null,
        null,
        1,
        null,
        null,
        null,
        null,
        1,
        null,
        null,
        1,
        1,
        null,
        null,
        null,
        null,
        1,
        1,
        null,
        null,
        1,
        null,
        null,
        1,
        1,
        null,
        null,
        null,
        null,
        1,
        null,
        null,
        1,
        null,
        null,
        null,
        null
      ],
      "/Users/manvilgeorge/src/toy_robot_rails_reactjs/config/initializers/application_controller_renderer.rb": [
        null,
        null,
        null,
        null,
        null,
        null,
        null,
        null
      ],
      "/Users/manvilgeorge/src/toy_robot_rails_reactjs/config/initializers/assets.rb": [
        null,
        null,
        null,
        1,
        null,
        null,
        null,
        null,
        1,
        null,
        null,
        null,
        null,
        1
      ],
      "/Users/manvilgeorge/src/toy_robot_rails_reactjs/config/initializers/backtrace_silencers.rb": [
        null,
        null,
        null,
        null,
        null,
        null,
        null
      ],
      "/Users/manvilgeorge/src/toy_robot_rails_reactjs/config/initializers/cookies_serializer.rb": [
        null,
        null,
        null,
        null,
        1
      ],
      "/Users/manvilgeorge/src/toy_robot_rails_reactjs/config/initializers/filter_parameter_logging.rb": [
        null,
        null,
        null,
        1
      ],
      "/Users/manvilgeorge/src/toy_robot_rails_reactjs/config/initializers/inflections.rb": [
        null,
        null,
        null,
        null,
        null,
        null,
        null,
        null,
        null,
        null,
        null,
        null,
        null,
        null,
        null,
        null
      ],
      "/Users/manvilgeorge/src/toy_robot_rails_reactjs/config/initializers/integer_extension.rb": [
        1,
        1,
        184,
        null,
        null,
        null,
        1
      ],
      "/Users/manvilgeorge/src/toy_robot_rails_reactjs/config/initializers/mime_types.rb": [
        null,
        null,
        null,
        null
      ],
      "/Users/manvilgeorge/src/toy_robot_rails_reactjs/config/initializers/wrap_parameters.rb": [
        null,
        null,
        null,
        null,
        null,
        null,
        1,
        2,
        null,
        null,
        null,
        null,
        null,
        null
      ],
      "/Users/manvilgeorge/src/toy_robot_rails_reactjs/config/routes.rb": [
        1,
        1,
        1,
        1,
        null
      ],
      "/Users/manvilgeorge/src/toy_robot_rails_reactjs/app/helpers/application_helper.rb": [
        1,
        null
      ],
      "/Users/manvilgeorge/src/toy_robot_rails_reactjs/spec/support/json.rb": [
        1,
        23,
        null
      ],
      "/Users/manvilgeorge/src/toy_robot_rails_reactjs/lib/command/left.rb": [
        1,
        1,
        1,
        1,
        1,
        18,
        null,
        null,
        null
      ],
      "/Users/manvilgeorge/src/toy_robot_rails_reactjs/lib/command/base.rb": [
        1,
        1,
        1,
        1,
        121,
        121,
        121,
        121,
        121,
        121,
        null,
        null,
        1,
        121,
        74,
        null,
        null,
        1,
        0,
        null,
        null,
        1,
        0,
        null,
        null,
        1,
        74,
        null,
        null,
        null,
        null,
        null,
        null,
        null,
        1,
        121,
        121,
        null,
        null,
        null
      ],
      "/Users/manvilgeorge/src/toy_robot_rails_reactjs/lib/command/direction.rb": [
        1,
        1,
        1,
        1,
        5,
        5,
        null,
        null,
        null,
        1,
        null,
        1,
        74,
        null,
        null,
        1,
        121,
        113,
        103,
        null,
        null,
        1,
        94,
        null,
        null,
        1,
        76,
        null,
        null,
        null
      ],
      "/Users/manvilgeorge/src/toy_robot_rails_reactjs/lib/command/placement.rb": [
        1,
        1,
        1,
        86,
        76,
        76,
        null,
        null,
        1,
        104,
        null,
        null,
        1,
        198,
        null,
        null,
        1,
        104,
        null,
        null,
        1,
        94,
        null,
        null,
        1,
        90,
        null,
        null,
        null
      ],
      "/Users/manvilgeorge/src/toy_robot_rails_reactjs/lib/command/move.rb": [
        1,
        1,
        1,
        1,
        1,
        26,
        null,
        4,
        null,
        14,
        null,
        4,
        null,
        4,
        null,
        null,
        null,
        1,
        4,
        null,
        null,
        1,
        14,
        null,
        null,
        1,
        4,
        null,
        null,
        1,
        4,
        null,
        null,
        null
      ],
      "/Users/manvilgeorge/src/toy_robot_rails_reactjs/lib/command/place.rb": [
        1,
        1,
        1,
        1,
        1,
        27,
        null,
        null,
        1,
        27,
        null,
        null,
        1,
        27,
        26,
        26,
        24,
        24,
        null,
        null,
        1,
        10,
        10,
        10,
        null,
        null,
        1,
        24,
        18,
        null,
        null,
        null
      ],
      "/Users/manvilgeorge/src/toy_robot_rails_reactjs/lib/command/right.rb": [
        1,
        1,
        1,
        1,
        1,
        18,
        null,
        null,
        null
      ],
      "/Users/manvilgeorge/src/toy_robot_rails_reactjs/app/controllers/commands_controller.rb": [
        1,
        1,
        1,
        1,
        22,
        22,
        10,
        null,
        12,
        null,
        null,
        null,
        1,
        null,
        1,
        22,
        null,
        null
      ],
      "/Users/manvilgeorge/src/toy_robot_rails_reactjs/app/controllers/application_controller.rb": [
        1,
        1,
        null
      ],
      "/Users/manvilgeorge/src/toy_robot_rails_reactjs/lib/command/report.rb": [
        1,
        1,
        1,
        1,
        1,
        1,
        2,
        null,
        null,
        null
      ]
    },
    "timestamp": 1519696041
  }
}
